<?xml version="1.0" encoding="utf-8"?>
<!DOCTYPE coverage SYSTEM "http://cobertura.sourceforge.net/xml/coverage-04.dtd">
<coverage line-rate="0.703488372093023" branch-rate="0.444444444444444" lines-covered="121" lines-valid="172" branches-covered="32" branches-valid="72" complexity="76" version="0" timestamp="1666171977">
  <sources />
  <packages>
    <package name="IThermal" line-rate="0.698224852071006" branch-rate="0.444444444444444" complexity="75">
      <classes>
        <class name="Costura.AssemblyLoader" filename="D:\IThermal\IThermal\obj\Debug\Common.cs" line-rate="1" branch-rate="1" complexity="NaN">
          <methods>
            <method name="CultureToString" signature="(System.Globalization.CultureInfo)" line-rate="1" branch-rate="1" complexity="NaN">
              <lines />
            </method>
            <method name="ReadExistingAssembly" signature="(System.Reflection.AssemblyName)" line-rate="1" branch-rate="1" complexity="NaN">
              <lines />
            </method>
            <method name="ReadFromDiskCache" signature="(System.String,System.Reflection.AssemblyName)" line-rate="1" branch-rate="1" complexity="NaN">
              <lines />
            </method>
            <method name="CopyTo" signature="(System.IO.Stream,System.IO.Stream)" line-rate="1" branch-rate="1" complexity="NaN">
              <lines />
            </method>
            <method name="LoadStream" signature="(System.String)" line-rate="1" branch-rate="1" complexity="NaN">
              <lines />
            </method>
            <method name="LoadStream" signature="(System.Collections.Generic.Dictionary`2&lt;System.String,System.String&gt;,System.String)" line-rate="1" branch-rate="1" complexity="NaN">
              <lines />
            </method>
            <method name="ReadStream" signature="(System.IO.Stream)" line-rate="1" branch-rate="1" complexity="NaN">
              <lines />
            </method>
            <method name="ReadFromEmbeddedResources" signature="(System.Collections.Generic.Dictionary`2&lt;System.String,System.String&gt;,System.Collections.Generic.Dictionary`2&lt;System.String,System.String&gt;,System.Reflection.AssemblyName)" line-rate="1" branch-rate="1" complexity="NaN">
              <lines />
            </method>
            <method name="CreateDirectory" signature="(System.String)" line-rate="1" branch-rate="1" complexity="NaN">
              <lines />
            </method>
            <method name="ResourceNameToPath" signature="(System.String)" line-rate="1" branch-rate="1" complexity="NaN">
              <lines />
            </method>
            <method name="CalculateChecksum" signature="(System.String)" line-rate="1" branch-rate="1" complexity="NaN">
              <lines />
            </method>
            <method name="InternalPreloadUnmanagedLibraries" signature="(System.String,System.Collections.Generic.IList`1&lt;System.String&gt;,System.Collections.Generic.Dictionary`2&lt;System.String,System.String&gt;)" line-rate="1" branch-rate="1" complexity="NaN">
              <lines />
            </method>
            <method name="PreloadUnmanagedLibraries" signature="(System.String,System.String,System.Collections.Generic.List`1&lt;System.String&gt;,System.Collections.Generic.Dictionary`2&lt;System.String,System.String&gt;)" line-rate="1" branch-rate="1" complexity="NaN">
              <lines />
            </method>
          </methods>
          <lines />
        </class>
        <class name="Costura.AssemblyLoader" filename="D:\IThermal\IThermal\obj\Debug\ILTemplateWithUnmanagedHandler.cs" line-rate="1" branch-rate="1" complexity="5">
          <methods>
            <method name="ResolveAssembly" signature="(System.Object,System.ResolveEventArgs)" line-rate="1" branch-rate="1" complexity="NaN">
              <lines />
            </method>
            <method name=".cctor" signature="()" line-rate="1" branch-rate="1" complexity="1">
              <lines />
            </method>
            <method name="Attach" signature="()" line-rate="1" branch-rate="1" complexity="4">
              <lines />
            </method>
          </methods>
          <lines />
        </class>
        <class name="IThermal.IAPWS97" filename="D:\IThermal\IThermal\IAPWS97.cs" line-rate="1" branch-rate="1" complexity="NaN">
          <methods>
            <method name="P2T" signature="(System.Double)" line-rate="1" branch-rate="1" complexity="NaN">
              <lines>
                <line number="11" hits="1" branch="false" />
                <line number="12" hits="1" branch="false" />
                <line number="14" hits="1" branch="false" />
                <line number="15" hits="1" branch="false" />
                <line number="16" hits="1" branch="false" />
                <line number="18" hits="1" branch="false" />
                <line number="19" hits="1" branch="false" />
              </lines>
            </method>
          </methods>
          <lines>
            <line number="11" hits="1" branch="false" />
            <line number="12" hits="1" branch="false" />
            <line number="14" hits="1" branch="false" />
            <line number="15" hits="1" branch="false" />
            <line number="16" hits="1" branch="false" />
            <line number="18" hits="1" branch="false" />
            <line number="19" hits="1" branch="false" />
          </lines>
        </class>
      </classes>
    </package>
    <package name="IThermalTests" line-rate="1" branch-rate="1" complexity="1">
      <classes>
        <class name="IThermal.Tests.IAPWS97Tests" filename="D:\IThermal\IThermalTests\IAPWS97Tests.cs" line-rate="1" branch-rate="1" complexity="NaN">
          <methods>
            <method name="P2TTest" signature="(System.Double,System.Double)" line-rate="1" branch-rate="1" complexity="NaN">
              <lines>
                <line number="14" hits="1" branch="false" />
                <line number="15" hits="1" branch="false" />
                <line number="16" hits="1" branch="false" />
              </lines>
            </method>
          </methods>
          <lines>
            <line number="14" hits="1" branch="false" />
            <line number="15" hits="1" branch="false" />
            <line number="16" hits="1" branch="false" />
          </lines>
        </class>
      </classes>
    </package>
  </packages>
</coverage>