<?xml version="1.0" encoding="utf-8"?>
<CoverageSession xmlns:xsd="http://www.w3.org/2001/XMLSchema" xmlns:xsi="http://www.w3.org/2001/XMLSchema-instance" Version="4.7.922.0">
  <Summary numSequencePoints="179" visitedSequencePoints="128" numBranchPoints="90" visitedBranchPoints="46" sequenceCoverage="71.51" branchCoverage="51.11" maxCyclomaticComplexity="11" minCyclomaticComplexity="0" maxCrapScore="20" minCrapScore="0" visitedClasses="3" numClasses="3" visitedMethods="14" numMethods="18" />
  <Modules>
    <Module hash="82-1D-C6-1D-21-8C-37-D8-76-0D-F2-72-40-5D-D7-8E-48-0B-38-5C">
      <Summary numSequencePoints="3" visitedSequencePoints="3" numBranchPoints="1" visitedBranchPoints="1" sequenceCoverage="100" branchCoverage="100" maxCyclomaticComplexity="1" minCyclomaticComplexity="1" maxCrapScore="2" minCrapScore="1" visitedClasses="1" numClasses="1" visitedMethods="1" numMethods="1" />
      <ModulePath>D:\IThermal\IThermalTests\bin\Debug\fine-code-coverage\build-output\IThermalTests.dll</ModulePath>
      <ModuleTime>2022-10-19T01:32:44.853568Z</ModuleTime>
      <ModuleName>IThermalTests</ModuleName>
      <Files>
        <File uid="1" fullPath="D:\IThermal\IThermalTests\IAPWS97Tests.cs" />
      </Files>
      <Classes>
        <Class>
          <Summary numSequencePoints="3" visitedSequencePoints="3" numBranchPoints="1" visitedBranchPoints="1" sequenceCoverage="100" branchCoverage="100" maxCyclomaticComplexity="1" minCyclomaticComplexity="1" maxCrapScore="2" minCrapScore="1" visitedClasses="1" numClasses="1" visitedMethods="1" numMethods="1" />
          <FullName>IThermal.Tests.IAPWS97Tests</FullName>
          <Methods>
            <Method visited="true" cyclomaticComplexity="1" nPathComplexity="0" sequenceCoverage="100" branchCoverage="100" crapScore="1" isConstructor="false" isStatic="false" isGetter="false" isSetter="false">
              <Summary numSequencePoints="3" visitedSequencePoints="3" numBranchPoints="1" visitedBranchPoints="1" sequenceCoverage="100" branchCoverage="100" maxCyclomaticComplexity="1" minCyclomaticComplexity="1" maxCrapScore="1" minCrapScore="1" visitedClasses="0" numClasses="0" visitedMethods="1" numMethods="1" />
              <MetadataToken>100663297</MetadataToken>
              <Name>System.Void IThermal.Tests.IAPWS97Tests::P2TTest(System.Double,System.Double)</Name>
              <FileRef uid="1" />
              <SequencePoints>
                <SequencePoint vc="1" uspid="1" ordinal="0" offset="0" sl="14" sc="9" el="14" ec="10" bec="0" bev="0" fileid="1" />
                <SequencePoint vc="1" uspid="2" ordinal="1" offset="1" sl="15" sc="13" el="15" ec="68" bec="0" bev="0" fileid="1" />
                <SequencePoint vc="1" uspid="3" ordinal="2" offset="23" sl="16" sc="9" el="16" ec="10" bec="0" bev="0" fileid="1" />
              </SequencePoints>
              <BranchPoints />
              <MethodPoint xsi:type="SequencePoint" vc="1" uspid="1" ordinal="0" offset="0" sl="14" sc="9" el="14" ec="10" bec="0" bev="0" fileid="1" />
            </Method>
            <Method visited="false" cyclomaticComplexity="1" nPathComplexity="0" sequenceCoverage="0" branchCoverage="0" crapScore="2" isConstructor="true" isStatic="false" isGetter="false" isSetter="false">
              <Summary numSequencePoints="0" visitedSequencePoints="0" numBranchPoints="0" visitedBranchPoints="0" sequenceCoverage="0" branchCoverage="0" maxCyclomaticComplexity="1" minCyclomaticComplexity="1" maxCrapScore="2" minCrapScore="2" visitedClasses="0" numClasses="0" visitedMethods="0" numMethods="0" />
              <MetadataToken>100663298</MetadataToken>
              <Name>System.Void IThermal.Tests.IAPWS97Tests::.ctor()</Name>
              <SequencePoints />
              <BranchPoints />
              <MethodPoint vc="0" uspid="4" ordinal="0" offset="0" />
            </Method>
          </Methods>
        </Class>
      </Classes>
    </Module>
    <Module hash="7F-28-54-E0-B4-CF-25-BF-5C-AE-67-2E-4A-62-73-6A-39-32-FF-5D">
      <Summary numSequencePoints="176" visitedSequencePoints="125" numBranchPoints="89" visitedBranchPoints="45" sequenceCoverage="71.02" branchCoverage="50.56" maxCyclomaticComplexity="11" minCyclomaticComplexity="0" maxCrapScore="20" minCrapScore="0" visitedClasses="2" numClasses="2" visitedMethods="13" numMethods="17" />
      <ModulePath>D:\IThermal\IThermalTests\bin\Debug\fine-code-coverage\build-output\IThermal.dll</ModulePath>
      <ModuleTime>2022-10-19T01:32:42.8559943Z</ModuleTime>
      <ModuleName>IThermal</ModuleName>
      <Files>
        <File uid="3" fullPath="D:\IThermal\IThermal\IAPWS97.cs" />
        <File uid="4" fullPath="D:\IThermal\IThermal\obj\Debug\Common.cs" />
        <File uid="5" fullPath="D:\IThermal\IThermal\obj\Debug\ILTemplateWithUnmanagedHandler.cs" />
      </Files>
      <Classes>
        <Class>
          <Summary numSequencePoints="0" visitedSequencePoints="0" numBranchPoints="0" visitedBranchPoints="0" sequenceCoverage="0" branchCoverage="0" maxCyclomaticComplexity="1" minCyclomaticComplexity="1" maxCrapScore="2" minCrapScore="2" visitedClasses="0" numClasses="0" visitedMethods="0" numMethods="0" />
          <FullName>&lt;Module&gt;</FullName>
          <Methods>
            <Method visited="false" cyclomaticComplexity="1" nPathComplexity="0" sequenceCoverage="0" branchCoverage="0" crapScore="2" isConstructor="true" isStatic="true" isGetter="false" isSetter="false">
              <Summary numSequencePoints="0" visitedSequencePoints="0" numBranchPoints="0" visitedBranchPoints="0" sequenceCoverage="0" branchCoverage="0" maxCyclomaticComplexity="1" minCyclomaticComplexity="1" maxCrapScore="2" minCrapScore="2" visitedClasses="0" numClasses="0" visitedMethods="0" numMethods="0" />
              <MetadataToken>100663297</MetadataToken>
              <Name>System.Void &lt;Module&gt;::.cctor()</Name>
              <SequencePoints />
              <BranchPoints />
              <MethodPoint vc="0" uspid="5" ordinal="0" offset="0" />
            </Method>
          </Methods>
        </Class>
        <Class>
          <Summary numSequencePoints="7" visitedSequencePoints="7" numBranchPoints="1" visitedBranchPoints="1" sequenceCoverage="100" branchCoverage="100" maxCyclomaticComplexity="1" minCyclomaticComplexity="1" maxCrapScore="1" minCrapScore="1" visitedClasses="1" numClasses="1" visitedMethods="1" numMethods="1" />
          <FullName>IThermal.IAPWS97</FullName>
          <Methods>
            <Method visited="true" cyclomaticComplexity="1" nPathComplexity="0" sequenceCoverage="100" branchCoverage="100" crapScore="1" isConstructor="false" isStatic="true" isGetter="false" isSetter="false">
              <Summary numSequencePoints="7" visitedSequencePoints="7" numBranchPoints="1" visitedBranchPoints="1" sequenceCoverage="100" branchCoverage="100" maxCyclomaticComplexity="1" minCyclomaticComplexity="1" maxCrapScore="1" minCrapScore="1" visitedClasses="0" numClasses="0" visitedMethods="1" numMethods="1" />
              <MetadataToken>100663298</MetadataToken>
              <Name>System.Double IThermal.IAPWS97::P2T(System.Double)</Name>
              <FileRef uid="3" />
              <SequencePoints>
                <SequencePoint vc="1" uspid="6" ordinal="0" offset="0" sl="11" sc="9" el="11" ec="10" bec="0" bev="0" fileid="3" />
                <SequencePoint vc="1" uspid="7" ordinal="1" offset="1" sl="12" sc="13" el="12" ec="36" bec="0" bev="0" fileid="3" />
                <SequencePoint vc="1" uspid="8" ordinal="2" offset="9" sl="14" sc="13" el="14" ec="31" bec="0" bev="0" fileid="3" />
                <SequencePoint vc="1" uspid="9" ordinal="3" offset="19" sl="15" sc="13" el="15" ec="26" bec="0" bev="0" fileid="3" />
                <SequencePoint vc="1" uspid="10" ordinal="4" offset="21" sl="16" sc="13" el="16" ec="49" bec="0" bev="0" fileid="3" />
                <SequencePoint vc="1" uspid="11" ordinal="5" offset="32" sl="18" sc="13" el="18" ec="27" bec="0" bev="0" fileid="3" />
                <SequencePoint vc="1" uspid="12" ordinal="6" offset="36" sl="19" sc="9" el="19" ec="10" bec="0" bev="0" fileid="3" />
              </SequencePoints>
              <BranchPoints />
              <MethodPoint xsi:type="SequencePoint" vc="1" uspid="6" ordinal="0" offset="0" sl="11" sc="9" el="11" ec="10" bec="0" bev="0" fileid="3" />
            </Method>
          </Methods>
        </Class>
        <Class>
          <Summary numSequencePoints="0" visitedSequencePoints="0" numBranchPoints="0" visitedBranchPoints="0" sequenceCoverage="0" branchCoverage="0" maxCyclomaticComplexity="0" minCyclomaticComplexity="0" maxCrapScore="0" minCrapScore="0" visitedClasses="0" numClasses="0" visitedMethods="0" numMethods="0" />
          <FullName>IThermal.UEwasp</FullName>
          <Methods>
            <Method skippedDueTo="Unknown" visited="false" cyclomaticComplexity="0" nPathComplexity="0" sequenceCoverage="0" branchCoverage="0" crapScore="0" isConstructor="false" isStatic="true" isGetter="false" isSetter="false">
              <MetadataToken>100663299</MetadataToken>
              <Name>System.Void IThermal.UEwasp::SETSTD_WASP(System.Int32)</Name>
              <SequencePoints />
              <BranchPoints />
            </Method>
            <Method skippedDueTo="Unknown" visited="false" cyclomaticComplexity="0" nPathComplexity="0" sequenceCoverage="0" branchCoverage="0" crapScore="0" isConstructor="false" isStatic="true" isGetter="false" isSetter="false">
              <MetadataToken>100663300</MetadataToken>
              <Name>System.Void IThermal.UEwasp::P2T(System.Double,System.Double&amp;,System.Int32&amp;)</Name>
              <SequencePoints />
              <BranchPoints />
            </Method>
          </Methods>
        </Class>
        <Class>
          <Summary numSequencePoints="169" visitedSequencePoints="118" numBranchPoints="88" visitedBranchPoints="44" sequenceCoverage="69.82" branchCoverage="50" maxCyclomaticComplexity="11" minCyclomaticComplexity="1" maxCrapScore="20" minCrapScore="1" visitedClasses="1" numClasses="1" visitedMethods="12" numMethods="16" />
          <FullName>Costura.AssemblyLoader</FullName>
          <Methods>
            <Method visited="false" cyclomaticComplexity="2" nPathComplexity="2" sequenceCoverage="0" branchCoverage="0" crapScore="6" isConstructor="false" isStatic="true" isGetter="false" isSetter="false">
              <Summary numSequencePoints="3" visitedSequencePoints="0" numBranchPoints="3" visitedBranchPoints="0" sequenceCoverage="0" branchCoverage="0" maxCyclomaticComplexity="2" minCyclomaticComplexity="2" maxCrapScore="6" minCrapScore="6" visitedClasses="0" numClasses="0" visitedMethods="0" numMethods="1" />
              <MetadataToken>100663301</MetadataToken>
              <Name>System.String Costura.AssemblyLoader::CultureToString(System.Globalization.CultureInfo)</Name>
              <FileRef uid="4" />
              <SequencePoints>
                <SequencePoint vc="0" uspid="13" ordinal="0" offset="0" sl="91" sc="9" el="91" ec="29" bec="2" bev="0" fileid="4" />
                <SequencePoint vc="0" uspid="14" ordinal="1" offset="3" sl="93" sc="13" el="93" ec="23" bec="0" bev="0" fileid="4" />
                <SequencePoint vc="0" uspid="15" ordinal="2" offset="9" sl="96" sc="9" el="96" ec="29" bec="0" bev="0" fileid="4" />
              </SequencePoints>
              <BranchPoints>
                <BranchPoint vc="0" uspid="16" ordinal="0" offset="1" sl="91" path="0" offsetend="3" fileid="4" />
                <BranchPoint vc="0" uspid="17" ordinal="1" offset="1" sl="91" path="1" offsetend="9" fileid="4" />
              </BranchPoints>
              <MethodPoint xsi:type="SequencePoint" vc="0" uspid="13" ordinal="0" offset="0" sl="91" sc="9" el="91" ec="29" bec="2" bev="0" fileid="4" />
            </Method>
            <Method visited="true" cyclomaticComplexity="4" nPathComplexity="4" sequenceCoverage="88.89" branchCoverage="60" crapScore="4.02" isConstructor="false" isStatic="true" isGetter="false" isSetter="false">
              <Summary numSequencePoints="9" visitedSequencePoints="8" numBranchPoints="5" visitedBranchPoints="3" sequenceCoverage="88.89" branchCoverage="60" maxCyclomaticComplexity="4" minCyclomaticComplexity="4" maxCrapScore="4.02" minCrapScore="4.02" visitedClasses="0" numClasses="0" visitedMethods="1" numMethods="1" />
              <MetadataToken>100663302</MetadataToken>
              <Name>System.Reflection.Assembly Costura.AssemblyLoader::ReadExistingAssembly(System.Reflection.AssemblyName)</Name>
              <FileRef uid="4" />
              <SequencePoints>
                <SequencePoint vc="1" uspid="18" ordinal="0" offset="0" sl="73" sc="9" el="73" ec="53" bec="0" bev="0" fileid="4" />
                <SequencePoint vc="1" uspid="19" ordinal="1" offset="5" sl="74" sc="9" el="74" ec="56" bec="0" bev="0" fileid="4" />
                <SequencePoint vc="1" uspid="20" ordinal="2" offset="10" sl="75" sc="34" el="75" ec="44" bec="0" bev="0" fileid="4" />
                <SequencePoint vc="27" uspid="21" ordinal="3" offset="15" sl="75" sc="18" el="75" ec="30" bec="0" bev="0" fileid="4" />
                <SequencePoint vc="27" uspid="22" ordinal="4" offset="19" sl="77" sc="13" el="77" ec="50" bec="0" bev="0" fileid="4" />
                <SequencePoint vc="27" uspid="23" ordinal="5" offset="26" sl="78" sc="13" el="79" ec="153" bec="3" bev="1" fileid="4" />
                <SequencePoint vc="0" uspid="24" ordinal="6" offset="76" sl="83" sc="17" el="83" ec="33" bec="0" bev="0" fileid="4" />
                <SequencePoint vc="28" uspid="25" ordinal="7" offset="82" sl="75" sc="31" el="75" ec="33" bec="0" bev="0" fileid="4" />
                <SequencePoint vc="1" uspid="26" ordinal="8" offset="88" sl="86" sc="9" el="86" ec="21" bec="0" bev="0" fileid="4" />
              </SequencePoints>
              <BranchPoints>
                <BranchPoint vc="0" uspid="27" ordinal="0" offset="44" sl="78" path="0" offsetend="46" fileid="4" />
                <BranchPoint vc="27" uspid="28" ordinal="1" offset="44" sl="78" path="1" offsetend="78" fileid="4" />
                <BranchPoint vc="0" uspid="29" ordinal="2" offset="74" sl="78" path="0" offsetend="76" fileid="4" />
                <BranchPoint vc="27" uspid="30" ordinal="3" offset="74" sl="78" path="1" offsetend="78" fileid="4" />
              </BranchPoints>
              <MethodPoint xsi:type="SequencePoint" vc="1" uspid="18" ordinal="0" offset="0" sl="73" sc="9" el="73" ec="53" bec="0" bev="0" fileid="4" />
            </Method>
            <Method visited="true" cyclomaticComplexity="9" nPathComplexity="128" sequenceCoverage="76.47" branchCoverage="53.33" crapScore="10.06" isConstructor="false" isStatic="true" isGetter="false" isSetter="false">
              <Summary numSequencePoints="17" visitedSequencePoints="13" numBranchPoints="15" visitedBranchPoints="8" sequenceCoverage="76.47" branchCoverage="53.33" maxCyclomaticComplexity="9" minCyclomaticComplexity="9" maxCrapScore="10.06" minCrapScore="10.06" visitedClasses="0" numClasses="0" visitedMethods="1" numMethods="1" />
              <MetadataToken>100663303</MetadataToken>
              <Name>System.Reflection.Assembly Costura.AssemblyLoader::ReadFromDiskCache(System.String,System.Reflection.AssemblyName)</Name>
              <FileRef uid="4" />
              <SequencePoints>
                <SequencePoint vc="1" uspid="33" ordinal="0" offset="0" sl="101" sc="9" el="101" ec="66" bec="0" bev="0" fileid="4" />
                <SequencePoint vc="1" uspid="34" ordinal="1" offset="12" sl="103" sc="9" el="103" ec="120" bec="3" bev="2" fileid="4" />
                <SequencePoint vc="1" uspid="35" ordinal="2" offset="38" sl="105" sc="13" el="105" ec="71" bec="0" bev="0" fileid="4" />
                <SequencePoint vc="1" uspid="36" ordinal="3" offset="61" sl="108" sc="9" el="108" ec="56" bec="2" bev="1" fileid="4" />
                <SequencePoint vc="1" uspid="37" ordinal="4" offset="82" sl="109" sc="9" el="109" ec="92" bec="0" bev="0" fileid="4" />
                <SequencePoint vc="1" uspid="38" ordinal="5" offset="100" sl="110" sc="9" el="110" ec="47" bec="2" bev="1" fileid="4" />
                <SequencePoint vc="0" uspid="39" ordinal="6" offset="108" sl="112" sc="13" el="112" ec="60" bec="0" bev="0" fileid="4" />
                <SequencePoint vc="1" uspid="40" ordinal="7" offset="115" sl="114" sc="9" el="114" ec="82" bec="0" bev="0" fileid="4" />
                <SequencePoint vc="1" uspid="41" ordinal="8" offset="127" sl="115" sc="9" el="115" ec="47" bec="2" bev="1" fileid="4" />
                <SequencePoint vc="0" uspid="42" ordinal="9" offset="135" sl="117" sc="13" el="117" ec="60" bec="0" bev="0" fileid="4" />
                <SequencePoint vc="1" uspid="43" ordinal="10" offset="142" sl="119" sc="9" el="119" ec="113" bec="0" bev="0" fileid="4" />
                <SequencePoint vc="1" uspid="44" ordinal="11" offset="166" sl="120" sc="9" el="120" ec="47" bec="2" bev="1" fileid="4" />
                <SequencePoint vc="0" uspid="45" ordinal="12" offset="174" sl="122" sc="13" el="122" ec="60" bec="0" bev="0" fileid="4" />
                <SequencePoint vc="1" uspid="46" ordinal="13" offset="181" sl="124" sc="9" el="124" ec="82" bec="0" bev="0" fileid="4" />
                <SequencePoint vc="1" uspid="47" ordinal="14" offset="193" sl="125" sc="9" el="125" ec="47" bec="2" bev="1" fileid="4" />
                <SequencePoint vc="0" uspid="48" ordinal="15" offset="201" sl="127" sc="13" el="127" ec="60" bec="0" bev="0" fileid="4" />
                <SequencePoint vc="1" uspid="49" ordinal="16" offset="208" sl="129" sc="9" el="129" ec="21" bec="0" bev="0" fileid="4" />
              </SequencePoints>
              <BranchPoints>
                <BranchPoint vc="1" uspid="50" ordinal="0" offset="18" sl="103" path="0" offsetend="20" fileid="4" />
                <BranchPoint vc="0" uspid="51" ordinal="1" offset="18" sl="103" path="1" offsetend="61" fileid="4" />
                <BranchPoint vc="1" uspid="52" ordinal="2" offset="36" sl="103" path="0" offsetend="38" fileid="4" />
                <BranchPoint vc="0" uspid="53" ordinal="3" offset="36" sl="103" path="1" offsetend="61" fileid="4" />
                <BranchPoint vc="1" uspid="54" ordinal="4" offset="67" sl="108" path="0" offsetend="69" fileid="4" />
                <BranchPoint vc="0" uspid="55" ordinal="5" offset="67" sl="108" path="1" offsetend="76" fileid="4" />
                <BranchPoint vc="0" uspid="56" ordinal="6" offset="106" sl="110" path="0" offsetend="108" fileid="4" />
                <BranchPoint vc="1" uspid="57" ordinal="7" offset="106" sl="110" path="1" offsetend="115" fileid="4" />
                <BranchPoint vc="0" uspid="58" ordinal="8" offset="133" sl="115" path="0" offsetend="135" fileid="4" />
                <BranchPoint vc="1" uspid="59" ordinal="9" offset="133" sl="115" path="1" offsetend="142" fileid="4" />
                <BranchPoint vc="0" uspid="60" ordinal="10" offset="172" sl="120" path="0" offsetend="174" fileid="4" />
                <BranchPoint vc="1" uspid="61" ordinal="11" offset="172" sl="120" path="1" offsetend="181" fileid="4" />
                <BranchPoint vc="0" uspid="62" ordinal="12" offset="199" sl="125" path="0" offsetend="201" fileid="4" />
                <BranchPoint vc="1" uspid="63" ordinal="13" offset="199" sl="125" path="1" offsetend="208" fileid="4" />
              </BranchPoints>
              <MethodPoint xsi:type="SequencePoint" vc="1" uspid="33" ordinal="0" offset="0" sl="101" sc="9" el="101" ec="66" bec="0" bev="0" fileid="4" />
            </Method>
            <Method visited="false" cyclomaticComplexity="2" nPathComplexity="2" sequenceCoverage="0" branchCoverage="0" crapScore="6" isConstructor="false" isStatic="true" isGetter="false" isSetter="false">
              <Summary numSequencePoints="4" visitedSequencePoints="0" numBranchPoints="3" visitedBranchPoints="0" sequenceCoverage="0" branchCoverage="0" maxCyclomaticComplexity="2" minCyclomaticComplexity="2" maxCrapScore="6" minCrapScore="6" visitedClasses="0" numClasses="0" visitedMethods="0" numMethods="1" />
              <MetadataToken>100663304</MetadataToken>
              <Name>System.Void Costura.AssemblyLoader::CopyTo(System.IO.Stream,System.IO.Stream)</Name>
              <FileRef uid="4" />
              <SequencePoints>
                <SequencePoint vc="0" uspid="64" ordinal="0" offset="0" sl="32" sc="9" el="32" ec="37" bec="0" bev="0" fileid="4" />
                <SequencePoint vc="0" uspid="65" ordinal="1" offset="13" sl="36" sc="13" el="36" ec="48" bec="0" bev="0" fileid="4" />
                <SequencePoint vc="0" uspid="66" ordinal="2" offset="22" sl="34" sc="9" el="34" ec="67" bec="2" bev="0" fileid="4" />
                <SequencePoint vc="0" uspid="67" ordinal="3" offset="37" sl="38" sc="5" el="38" ec="6" bec="0" bev="0" fileid="4" />
              </SequencePoints>
              <BranchPoints>
                <BranchPoint vc="0" uspid="68" ordinal="0" offset="35" sl="34" path="0" offsetend="37" fileid="4" />
                <BranchPoint vc="0" uspid="69" ordinal="1" offset="35" sl="34" path="1" offsetend="13" fileid="4" />
              </BranchPoints>
              <MethodPoint xsi:type="SequencePoint" vc="0" uspid="64" ordinal="0" offset="0" sl="32" sc="9" el="32" ec="37" bec="0" bev="0" fileid="4" />
            </Method>
            <Method visited="false" cyclomaticComplexity="4" nPathComplexity="2" sequenceCoverage="0" branchCoverage="0" crapScore="20" isConstructor="false" isStatic="true" isGetter="false" isSetter="false">
              <Summary numSequencePoints="10" visitedSequencePoints="0" numBranchPoints="3" visitedBranchPoints="0" sequenceCoverage="0" branchCoverage="0" maxCyclomaticComplexity="4" minCyclomaticComplexity="4" maxCrapScore="20" minCrapScore="20" visitedClasses="0" numClasses="0" visitedMethods="0" numMethods="1" />
              <MetadataToken>100663305</MetadataToken>
              <Name>System.IO.Stream Costura.AssemblyLoader::LoadStream(System.String)</Name>
              <FileRef uid="4" />
              <SequencePoints>
                <SequencePoint vc="0" uspid="70" ordinal="0" offset="0" sl="175" sc="9" el="175" ec="65" bec="0" bev="0" fileid="4" />
                <SequencePoint vc="0" uspid="71" ordinal="1" offset="6" sl="177" sc="9" el="177" ec="46" bec="2" bev="0" fileid="4" />
                <SequencePoint vc="0" uspid="72" ordinal="2" offset="19" sl="179" sc="20" el="179" ec="86" bec="0" bev="0" fileid="4" />
                <SequencePoint vc="0" uspid="73" ordinal="3" offset="27" sl="180" sc="20" el="180" ec="94" bec="0" bev="0" fileid="4" />
                <SequencePoint vc="0" uspid="74" ordinal="4" offset="35" sl="182" sc="17" el="182" ec="52" bec="0" bev="0" fileid="4" />
                <SequencePoint vc="0" uspid="75" ordinal="5" offset="41" sl="183" sc="17" el="183" ec="51" bec="0" bev="0" fileid="4" />
                <SequencePoint vc="0" uspid="76" ordinal="6" offset="48" sl="184" sc="17" el="184" ec="40" bec="0" bev="0" fileid="4" />
                <SequencePoint vc="0" uspid="77" ordinal="7" offset="56" sl="185" sc="17" el="185" ec="34" bec="0" bev="0" fileid="4" />
                <SequencePoint vc="0" uspid="78" ordinal="8" offset="81" sl="189" sc="9" el="189" ec="70" bec="0" bev="0" fileid="4" />
                <SequencePoint vc="0" uspid="79" ordinal="9" offset="89" sl="190" sc="5" el="190" ec="6" bec="0" bev="0" fileid="4" />
              </SequencePoints>
              <BranchPoints>
                <BranchPoint vc="0" uspid="80" ordinal="0" offset="17" sl="177" path="0" offsetend="19" fileid="4" />
                <BranchPoint vc="0" uspid="81" ordinal="1" offset="17" sl="177" path="1" offsetend="81" fileid="4" />
              </BranchPoints>
              <MethodPoint xsi:type="SequencePoint" vc="0" uspid="70" ordinal="0" offset="0" sl="175" sc="9" el="175" ec="65" bec="0" bev="0" fileid="4" />
            </Method>
            <Method visited="true" cyclomaticComplexity="2" nPathComplexity="2" sequenceCoverage="66.67" branchCoverage="66.67" crapScore="2.15" isConstructor="false" isStatic="true" isGetter="false" isSetter="false">
              <Summary numSequencePoints="3" visitedSequencePoints="2" numBranchPoints="3" visitedBranchPoints="2" sequenceCoverage="66.67" branchCoverage="66.67" maxCyclomaticComplexity="2" minCyclomaticComplexity="2" maxCrapScore="2.15" minCrapScore="2.15" visitedClasses="0" numClasses="0" visitedMethods="1" numMethods="1" />
              <MetadataToken>100663306</MetadataToken>
              <Name>System.IO.Stream Costura.AssemblyLoader::LoadStream(System.Collections.Generic.Dictionary`2&lt;System.String,System.String&gt;,System.String)</Name>
              <FileRef uid="4" />
              <SequencePoints>
                <SequencePoint vc="1" uspid="82" ordinal="0" offset="0" sl="165" sc="9" el="165" ec="60" bec="2" bev="1" fileid="4" />
                <SequencePoint vc="0" uspid="83" ordinal="1" offset="11" sl="167" sc="13" el="167" ec="38" bec="0" bev="0" fileid="4" />
                <SequencePoint vc="1" uspid="84" ordinal="2" offset="18" sl="170" sc="9" el="170" ec="21" bec="0" bev="0" fileid="4" />
              </SequencePoints>
              <BranchPoints>
                <BranchPoint vc="0" uspid="85" ordinal="0" offset="9" sl="165" path="0" offsetend="11" fileid="4" />
                <BranchPoint vc="1" uspid="86" ordinal="1" offset="9" sl="165" path="1" offsetend="18" fileid="4" />
              </BranchPoints>
              <MethodPoint xsi:type="SequencePoint" vc="1" uspid="82" ordinal="0" offset="0" sl="165" sc="9" el="165" ec="60" bec="2" bev="1" fileid="4" />
            </Method>
            <Method visited="false" cyclomaticComplexity="1" nPathComplexity="0" sequenceCoverage="0" branchCoverage="0" crapScore="2" isConstructor="false" isStatic="true" isGetter="false" isSetter="false">
              <Summary numSequencePoints="3" visitedSequencePoints="0" numBranchPoints="1" visitedBranchPoints="0" sequenceCoverage="0" branchCoverage="0" maxCyclomaticComplexity="1" minCyclomaticComplexity="1" maxCrapScore="2" minCrapScore="2" visitedClasses="0" numClasses="0" visitedMethods="0" numMethods="1" />
              <MetadataToken>100663307</MetadataToken>
              <Name>System.Byte[] Costura.AssemblyLoader::ReadStream(System.IO.Stream)</Name>
              <FileRef uid="4" />
              <SequencePoints>
                <SequencePoint vc="0" uspid="87" ordinal="0" offset="0" sl="50" sc="9" el="50" ec="44" bec="0" bev="0" fileid="4" />
                <SequencePoint vc="0" uspid="88" ordinal="1" offset="13" sl="51" sc="9" el="51" ec="43" bec="0" bev="0" fileid="4" />
                <SequencePoint vc="0" uspid="89" ordinal="2" offset="25" sl="52" sc="9" el="52" ec="21" bec="0" bev="0" fileid="4" />
              </SequencePoints>
              <BranchPoints />
              <MethodPoint xsi:type="SequencePoint" vc="0" uspid="87" ordinal="0" offset="0" sl="50" sc="9" el="50" ec="44" bec="0" bev="0" fileid="4" />
            </Method>
            <Method visited="true" cyclomaticComplexity="7" nPathComplexity="16" sequenceCoverage="46.67" branchCoverage="44.44" crapScore="14.43" isConstructor="false" isStatic="true" isGetter="false" isSetter="false">
              <Summary numSequencePoints="15" visitedSequencePoints="7" numBranchPoints="9" visitedBranchPoints="4" sequenceCoverage="46.67" branchCoverage="44.44" maxCyclomaticComplexity="7" minCyclomaticComplexity="7" maxCrapScore="14.43" minCrapScore="14.43" visitedClasses="0" numClasses="0" visitedMethods="1" numMethods="1" />
              <MetadataToken>100663308</MetadataToken>
              <Name>System.Reflection.Assembly Costura.AssemblyLoader::ReadFromEmbeddedResources(System.Collections.Generic.Dictionary`2&lt;System.String,System.String&gt;,System.Collections.Generic.Dictionary`2&lt;System.String,System.String&gt;,System.Reflection.AssemblyName)</Name>
              <FileRef uid="4" />
              <SequencePoints>
                <SequencePoint vc="1" uspid="90" ordinal="0" offset="0" sl="134" sc="9" el="134" ec="66" bec="0" bev="0" fileid="4" />
                <SequencePoint vc="1" uspid="91" ordinal="1" offset="12" sl="136" sc="9" el="136" ec="120" bec="3" bev="2" fileid="4" />
                <SequencePoint vc="1" uspid="92" ordinal="2" offset="38" sl="138" sc="13" el="138" ec="71" bec="0" bev="0" fileid="4" />
                <SequencePoint vc="1" uspid="93" ordinal="3" offset="61" sl="142" sc="16" el="142" ec="68" bec="0" bev="0" fileid="4" />
                <SequencePoint vc="1" uspid="94" ordinal="4" offset="69" sl="144" sc="13" el="144" ec="40" bec="2" bev="1" fileid="4" />
                <SequencePoint vc="1" uspid="95" ordinal="5" offset="72" sl="146" sc="17" el="146" ec="29" bec="0" bev="0" fileid="4" />
                <SequencePoint vc="0" uspid="96" ordinal="6" offset="76" sl="148" sc="13" el="148" ec="55" bec="0" bev="0" fileid="4" />
                <SequencePoint vc="0" uspid="97" ordinal="7" offset="83" sl="149" sc="9" el="149" ec="10" bec="0" bev="0" fileid="4" />
                <SequencePoint vc="0" uspid="98" ordinal="8" offset="95" sl="151" sc="16" el="151" ec="61" bec="0" bev="0" fileid="4" />
                <SequencePoint vc="0" uspid="99" ordinal="9" offset="104" sl="153" sc="13" el="153" ec="35" bec="2" bev="0" fileid="4" />
                <SequencePoint vc="0" uspid="100" ordinal="10" offset="108" sl="155" sc="17" el="155" ec="53" bec="0" bev="0" fileid="4" />
                <SequencePoint vc="0" uspid="101" ordinal="11" offset="117" sl="156" sc="17" el="156" ec="61" bec="0" bev="0" fileid="4" />
                <SequencePoint vc="0" uspid="102" ordinal="12" offset="128" sl="158" sc="9" el="158" ec="10" bec="0" bev="0" fileid="4" />
                <SequencePoint vc="0" uspid="103" ordinal="13" offset="142" sl="160" sc="9" el="160" ec="44" bec="0" bev="0" fileid="4" />
                <SequencePoint vc="1" uspid="104" ordinal="14" offset="149" sl="161" sc="5" el="161" ec="6" bec="0" bev="0" fileid="4" />
              </SequencePoints>
              <BranchPoints>
                <BranchPoint vc="1" uspid="105" ordinal="0" offset="18" sl="136" path="0" offsetend="20" fileid="4" />
                <BranchPoint vc="0" uspid="106" ordinal="1" offset="18" sl="136" path="1" offsetend="61" fileid="4" />
                <BranchPoint vc="1" uspid="107" ordinal="2" offset="36" sl="136" path="0" offsetend="38" fileid="4" />
                <BranchPoint vc="0" uspid="108" ordinal="3" offset="36" sl="136" path="1" offsetend="61" fileid="4" />
                <BranchPoint vc="1" uspid="109" ordinal="4" offset="70" sl="144" path="0" offsetend="72" fileid="4" />
                <BranchPoint vc="0" uspid="110" ordinal="5" offset="70" sl="144" path="1" offsetend="76" fileid="4" />
                <BranchPoint vc="0" uspid="111" ordinal="6" offset="106" sl="153" path="0" offsetend="108" fileid="4" />
                <BranchPoint vc="0" uspid="112" ordinal="7" offset="106" sl="153" path="1" offsetend="128" fileid="4" />
              </BranchPoints>
              <MethodPoint xsi:type="SequencePoint" vc="1" uspid="90" ordinal="0" offset="0" sl="134" sc="9" el="134" ec="66" bec="0" bev="0" fileid="4" />
            </Method>
            <Method visited="true" cyclomaticComplexity="8" nPathComplexity="32" sequenceCoverage="85" branchCoverage="63.64" crapScore="8.22" isConstructor="false" isStatic="true" isGetter="false" isSetter="false">
              <Summary numSequencePoints="20" visitedSequencePoints="17" numBranchPoints="11" visitedBranchPoints="7" sequenceCoverage="85" branchCoverage="63.64" maxCyclomaticComplexity="8" minCyclomaticComplexity="8" maxCrapScore="8.22" minCrapScore="8.22" visitedClasses="0" numClasses="0" visitedMethods="1" numMethods="1" />
              <MetadataToken>100663309</MetadataToken>
              <Name>System.Reflection.Assembly Costura.AssemblyLoader::ResolveAssembly(System.Object,System.ResolveEventArgs)</Name>
              <FileRef uid="5" />
              <SequencePoints>
                <SequencePoint vc="3" uspid="113" ordinal="0" offset="0" sl="46" sc="9" el="46" ec="29" bec="0" bev="0" fileid="5" />
                <SequencePoint vc="3" uspid="114" ordinal="1" offset="16" sl="48" sc="13" el="48" ec="47" bec="2" bev="2" fileid="5" />
                <SequencePoint vc="2" uspid="115" ordinal="2" offset="34" sl="50" sc="17" el="50" ec="29" bec="0" bev="0" fileid="5" />
                <SequencePoint vc="1" uspid="116" ordinal="3" offset="42" sl="52" sc="9" el="52" ec="10" bec="0" bev="0" fileid="5" />
                <SequencePoint vc="1" uspid="117" ordinal="4" offset="54" sl="54" sc="9" el="54" ec="62" bec="0" bev="0" fileid="5" />
                <SequencePoint vc="1" uspid="118" ordinal="5" offset="66" sl="56" sc="9" el="56" ec="75" bec="0" bev="0" fileid="5" />
                <SequencePoint vc="1" uspid="119" ordinal="6" offset="73" sl="57" sc="9" el="57" ec="30" bec="2" bev="1" fileid="5" />
                <SequencePoint vc="0" uspid="120" ordinal="7" offset="82" sl="59" sc="13" el="59" ec="29" bec="0" bev="0" fileid="5" />
                <SequencePoint vc="1" uspid="121" ordinal="8" offset="84" sl="64" sc="9" el="64" ec="82" bec="0" bev="0" fileid="5" />
                <SequencePoint vc="1" uspid="122" ordinal="9" offset="96" sl="65" sc="9" el="65" ec="30" bec="2" bev="1" fileid="5" />
                <SequencePoint vc="0" uspid="123" ordinal="10" offset="105" sl="67" sc="13" el="67" ec="29" bec="0" bev="0" fileid="5" />
                <SequencePoint vc="1" uspid="124" ordinal="11" offset="107" sl="70" sc="9" el="70" ec="104" bec="0" bev="0" fileid="5" />
                <SequencePoint vc="1" uspid="125" ordinal="12" offset="124" sl="71" sc="9" el="71" ec="30" bec="2" bev="1" fileid="5" />
                <SequencePoint vc="1" uspid="126" ordinal="13" offset="133" sl="73" sc="13" el="73" ec="33" bec="0" bev="0" fileid="5" />
                <SequencePoint vc="1" uspid="127" ordinal="14" offset="149" sl="75" sc="17" el="75" ec="42" bec="0" bev="0" fileid="5" />
                <SequencePoint vc="1" uspid="128" ordinal="15" offset="166" sl="76" sc="13" el="76" ec="14" bec="0" bev="0" fileid="5" />
                <SequencePoint vc="1" uspid="129" ordinal="16" offset="178" sl="79" sc="13" el="79" ec="85" bec="2" bev="1" fileid="5" />
                <SequencePoint vc="0" uspid="130" ordinal="17" offset="192" sl="81" sc="17" el="81" ec="65" bec="0" bev="0" fileid="5" />
                <SequencePoint vc="1" uspid="131" ordinal="18" offset="199" sl="84" sc="9" el="84" ec="25" bec="0" bev="0" fileid="5" />
                <SequencePoint vc="2" uspid="132" ordinal="19" offset="201" sl="85" sc="5" el="85" ec="6" bec="0" bev="0" fileid="5" />
              </SequencePoints>
              <BranchPoints>
                <BranchPoint vc="2" uspid="133" ordinal="0" offset="32" sl="48" path="0" offsetend="34" fileid="5" />
                <BranchPoint vc="1" uspid="134" ordinal="1" offset="32" sl="48" path="1" offsetend="42" fileid="5" />
                <BranchPoint vc="0" uspid="135" ordinal="2" offset="80" sl="57" path="0" offsetend="82" fileid="5" />
                <BranchPoint vc="1" uspid="136" ordinal="3" offset="80" sl="57" path="1" offsetend="84" fileid="5" />
                <BranchPoint vc="0" uspid="137" ordinal="4" offset="103" sl="65" path="0" offsetend="105" fileid="5" />
                <BranchPoint vc="1" uspid="138" ordinal="5" offset="103" sl="65" path="1" offsetend="107" fileid="5" />
                <BranchPoint vc="1" uspid="139" ordinal="6" offset="131" sl="71" path="0" offsetend="133" fileid="5" />
                <BranchPoint vc="0" uspid="140" ordinal="7" offset="131" sl="71" path="1" offsetend="199" fileid="5" />
                <BranchPoint vc="0" uspid="141" ordinal="8" offset="190" sl="79" path="0" offsetend="192" fileid="5" />
                <BranchPoint vc="1" uspid="142" ordinal="9" offset="190" sl="79" path="1" offsetend="199" fileid="5" />
              </BranchPoints>
              <MethodPoint xsi:type="SequencePoint" vc="3" uspid="113" ordinal="0" offset="0" sl="46" sc="9" el="46" ec="29" bec="0" bev="0" fileid="5" />
            </Method>
            <Method visited="true" cyclomaticComplexity="1" nPathComplexity="0" sequenceCoverage="100" branchCoverage="100" crapScore="1" isConstructor="true" isStatic="true" isGetter="false" isSetter="false">
              <Summary numSequencePoints="7" visitedSequencePoints="7" numBranchPoints="1" visitedBranchPoints="1" sequenceCoverage="100" branchCoverage="100" maxCyclomaticComplexity="1" minCyclomaticComplexity="1" maxCrapScore="1" minCrapScore="1" visitedClasses="0" numClasses="0" visitedMethods="1" numMethods="1" />
              <MetadataToken>100663310</MetadataToken>
              <Name>System.Void Costura.AssemblyLoader::.cctor()</Name>
              <FileRef uid="5" />
              <SequencePoints>
                <SequencePoint vc="1" uspid="143" ordinal="0" offset="0" sl="9" sc="5" el="9" ec="48" bec="0" bev="0" fileid="5" />
                <SequencePoint vc="1" uspid="144" ordinal="1" offset="10" sl="10" sc="5" el="10" ec="80" bec="0" bev="0" fileid="5" />
                <SequencePoint vc="1" uspid="145" ordinal="2" offset="20" sl="14" sc="5" el="14" ec="88" bec="0" bev="0" fileid="5" />
                <SequencePoint vc="1" uspid="146" ordinal="3" offset="30" sl="15" sc="5" el="15" ec="86" bec="0" bev="0" fileid="5" />
                <SequencePoint vc="1" uspid="147" ordinal="4" offset="40" sl="17" sc="5" el="17" ec="60" bec="0" bev="0" fileid="5" />
                <SequencePoint vc="1" uspid="148" ordinal="5" offset="50" sl="18" sc="5" el="18" ec="60" bec="0" bev="0" fileid="5" />
                <SequencePoint vc="1" uspid="149" ordinal="6" offset="60" sl="20" sc="5" el="20" ec="84" bec="0" bev="0" fileid="5" />
              </SequencePoints>
              <BranchPoints />
              <MethodPoint xsi:type="SequencePoint" vc="1" uspid="143" ordinal="0" offset="0" sl="9" sc="5" el="9" ec="48" bec="0" bev="0" fileid="5" />
            </Method>
            <Method visited="true" cyclomaticComplexity="2" nPathComplexity="2" sequenceCoverage="66.67" branchCoverage="66.67" crapScore="2.15" isConstructor="false" isStatic="true" isGetter="false" isSetter="false">
              <Summary numSequencePoints="3" visitedSequencePoints="2" numBranchPoints="3" visitedBranchPoints="2" sequenceCoverage="66.67" branchCoverage="66.67" maxCyclomaticComplexity="2" minCyclomaticComplexity="2" maxCrapScore="2.15" minCrapScore="2.15" visitedClasses="0" numClasses="0" visitedMethods="1" numMethods="1" />
              <MetadataToken>100663311</MetadataToken>
              <Name>System.Void Costura.AssemblyLoader::CreateDirectory(System.String)</Name>
              <FileRef uid="4" />
              <SequencePoints>
                <SequencePoint vc="1" uspid="150" ordinal="0" offset="0" sl="42" sc="9" el="42" ec="45" bec="2" bev="1" fileid="4" />
                <SequencePoint vc="0" uspid="151" ordinal="1" offset="8" sl="44" sc="13" el="44" ec="53" bec="0" bev="0" fileid="4" />
                <SequencePoint vc="1" uspid="152" ordinal="2" offset="15" sl="46" sc="5" el="46" ec="6" bec="0" bev="0" fileid="4" />
              </SequencePoints>
              <BranchPoints>
                <BranchPoint vc="0" uspid="153" ordinal="0" offset="6" sl="42" path="0" offsetend="8" fileid="4" />
                <BranchPoint vc="1" uspid="154" ordinal="1" offset="6" sl="42" path="1" offsetend="15" fileid="4" />
              </BranchPoints>
              <MethodPoint xsi:type="SequencePoint" vc="1" uspid="150" ordinal="0" offset="0" sl="42" sc="9" el="42" ec="45" bec="2" bev="1" fileid="4" />
            </Method>
            <Method visited="true" cyclomaticComplexity="6" nPathComplexity="16" sequenceCoverage="70" branchCoverage="44.44" crapScore="6.97" isConstructor="false" isStatic="true" isGetter="false" isSetter="false">
              <Summary numSequencePoints="10" visitedSequencePoints="7" numBranchPoints="9" visitedBranchPoints="4" sequenceCoverage="70" branchCoverage="44.44" maxCyclomaticComplexity="6" minCyclomaticComplexity="6" maxCrapScore="6.97" minCrapScore="6.97" visitedClasses="0" numClasses="0" visitedMethods="1" numMethods="1" />
              <MetadataToken>100663312</MetadataToken>
              <Name>System.String Costura.AssemblyLoader::ResourceNameToPath(System.String)</Name>
              <FileRef uid="4" />
              <SequencePoints>
                <SequencePoint vc="2" uspid="155" ordinal="0" offset="0" sl="292" sc="9" el="292" ec="56" bec="2" bev="1" fileid="4" />
                <SequencePoint vc="2" uspid="156" ordinal="1" offset="21" sl="294" sc="9" el="294" ec="24" bec="0" bev="0" fileid="4" />
                <SequencePoint vc="2" uspid="157" ordinal="2" offset="23" sl="296" sc="9" el="296" ec="70" bec="2" bev="1" fileid="4" />
                <SequencePoint vc="2" uspid="158" ordinal="3" offset="47" sl="298" sc="13" el="298" ec="63" bec="0" bev="0" fileid="4" />
                <SequencePoint vc="2" uspid="159" ordinal="4" offset="62" sl="299" sc="9" el="299" ec="10" bec="0" bev="0" fileid="4" />
                <SequencePoint vc="0" uspid="160" ordinal="5" offset="64" sl="300" sc="14" el="300" ec="45" bec="2" bev="0" fileid="4" />
                <SequencePoint vc="0" uspid="161" ordinal="6" offset="77" sl="302" sc="13" el="302" ec="37" bec="0" bev="0" fileid="4" />
                <SequencePoint vc="2" uspid="162" ordinal="7" offset="85" sl="305" sc="9" el="305" ec="42" bec="2" bev="1" fileid="4" />
                <SequencePoint vc="0" uspid="163" ordinal="8" offset="98" sl="307" sc="13" el="307" ec="56" bec="0" bev="0" fileid="4" />
                <SequencePoint vc="2" uspid="164" ordinal="9" offset="115" sl="310" sc="9" el="310" ec="21" bec="0" bev="0" fileid="4" />
              </SequencePoints>
              <BranchPoints>
                <BranchPoint vc="2" uspid="165" ordinal="0" offset="6" sl="292" path="0" offsetend="8" fileid="4" />
                <BranchPoint vc="0" uspid="166" ordinal="1" offset="6" sl="292" path="1" offsetend="15" fileid="4" />
                <BranchPoint vc="2" uspid="167" ordinal="2" offset="45" sl="296" path="0" offsetend="47" fileid="4" />
                <BranchPoint vc="0" uspid="168" ordinal="3" offset="45" sl="296" path="1" offsetend="64" fileid="4" />
                <BranchPoint vc="0" uspid="169" ordinal="4" offset="75" sl="300" path="0" offsetend="77" fileid="4" />
                <BranchPoint vc="0" uspid="170" ordinal="5" offset="75" sl="300" path="1" offsetend="85" fileid="4" />
                <BranchPoint vc="0" uspid="171" ordinal="6" offset="96" sl="305" path="0" offsetend="98" fileid="4" />
                <BranchPoint vc="2" uspid="172" ordinal="7" offset="96" sl="305" path="1" offsetend="115" fileid="4" />
              </BranchPoints>
              <MethodPoint xsi:type="SequencePoint" vc="2" uspid="155" ordinal="0" offset="0" sl="292" sc="9" el="292" ec="56" bec="2" bev="1" fileid="4" />
            </Method>
            <Method visited="true" cyclomaticComplexity="5" nPathComplexity="0" sequenceCoverage="100" branchCoverage="100" crapScore="5" isConstructor="false" isStatic="true" isGetter="false" isSetter="false">
              <Summary numSequencePoints="11" visitedSequencePoints="11" numBranchPoints="1" visitedBranchPoints="1" sequenceCoverage="100" branchCoverage="100" maxCyclomaticComplexity="5" minCyclomaticComplexity="5" maxCrapScore="5" minCrapScore="5" visitedClasses="0" numClasses="0" visitedMethods="1" numMethods="1" />
              <MetadataToken>100663313</MetadataToken>
              <Name>System.String Costura.AssemblyLoader::CalculateChecksum(System.String)</Name>
              <FileRef uid="4" />
              <SequencePoints>
                <SequencePoint vc="1" uspid="173" ordinal="0" offset="0" sl="57" sc="16" el="57" ec="121" bec="0" bev="0" fileid="4" />
                <SequencePoint vc="1" uspid="174" ordinal="1" offset="10" sl="58" sc="16" el="58" ec="47" bec="0" bev="0" fileid="4" />
                <SequencePoint vc="1" uspid="175" ordinal="2" offset="17" sl="59" sc="16" el="59" ec="58" bec="0" bev="0" fileid="4" />
                <SequencePoint vc="1" uspid="176" ordinal="3" offset="23" sl="61" sc="13" el="61" ec="45" bec="0" bev="0" fileid="4" />
                <SequencePoint vc="1" uspid="177" ordinal="4" offset="31" sl="62" sc="13" el="62" ec="64" bec="0" bev="0" fileid="4" />
                <SequencePoint vc="1" uspid="178" ordinal="5" offset="43" sl="63" sc="31" el="63" ec="35" bec="0" bev="0" fileid="4" />
                <SequencePoint vc="20" uspid="179" ordinal="6" offset="51" sl="63" sc="22" el="63" ec="27" bec="0" bev="0" fileid="4" />
                <SequencePoint vc="20" uspid="180" ordinal="7" offset="58" sl="65" sc="17" el="65" ec="53" bec="0" bev="0" fileid="4" />
                <SequencePoint vc="21" uspid="181" ordinal="8" offset="84" sl="63" sc="28" el="63" ec="30" bec="0" bev="0" fileid="4" />
                <SequencePoint vc="1" uspid="182" ordinal="9" offset="92" sl="67" sc="13" el="67" ec="41" bec="0" bev="0" fileid="4" />
                <SequencePoint vc="1" uspid="183" ordinal="10" offset="133" sl="69" sc="5" el="69" ec="6" bec="0" bev="0" fileid="4" />
              </SequencePoints>
              <BranchPoints />
              <MethodPoint xsi:type="SequencePoint" vc="1" uspid="173" ordinal="0" offset="0" sl="57" sc="16" el="57" ec="121" bec="0" bev="0" fileid="4" />
            </Method>
            <Method skippedDueTo="Unknown" visited="false" cyclomaticComplexity="0" nPathComplexity="0" sequenceCoverage="0" branchCoverage="0" crapScore="0" isConstructor="false" isStatic="true" isGetter="false" isSetter="false">
              <MetadataToken>100663314</MetadataToken>
              <Name>System.Boolean Costura.AssemblyLoader::SetDllDirectory(System.String)</Name>
              <SequencePoints />
              <BranchPoints />
            </Method>
            <Method skippedDueTo="Unknown" visited="false" cyclomaticComplexity="0" nPathComplexity="0" sequenceCoverage="0" branchCoverage="0" crapScore="0" isConstructor="false" isStatic="true" isGetter="false" isSetter="false">
              <MetadataToken>100663315</MetadataToken>
              <Name>System.UInt32 Costura.AssemblyLoader::SetErrorMode(System.UInt32)</Name>
              <SequencePoints />
              <BranchPoints />
            </Method>
            <Method skippedDueTo="Unknown" visited="false" cyclomaticComplexity="0" nPathComplexity="0" sequenceCoverage="0" branchCoverage="0" crapScore="0" isConstructor="false" isStatic="true" isGetter="false" isSetter="false">
              <MetadataToken>100663316</MetadataToken>
              <Name>System.IntPtr Costura.AssemblyLoader::LoadLibrary(System.String)</Name>
              <SequencePoints />
              <BranchPoints />
            </Method>
            <Method visited="true" cyclomaticComplexity="11" nPathComplexity="16" sequenceCoverage="80.77" branchCoverage="55.56" crapScore="11.86" isConstructor="false" isStatic="true" isGetter="false" isSetter="false">
              <Summary numSequencePoints="26" visitedSequencePoints="21" numBranchPoints="9" visitedBranchPoints="5" sequenceCoverage="80.77" branchCoverage="55.56" maxCyclomaticComplexity="11" minCyclomaticComplexity="11" maxCrapScore="11.86" minCrapScore="11.86" visitedClasses="0" numClasses="0" visitedMethods="1" numMethods="1" />
              <MetadataToken>100663317</MetadataToken>
              <Name>System.Void Costura.AssemblyLoader::InternalPreloadUnmanagedLibraries(System.String,System.Collections.Generic.IList`1&lt;System.String&gt;,System.Collections.Generic.Dictionary`2&lt;System.String,System.String&gt;)</Name>
              <FileRef uid="4" />
              <SequencePoints>
                <SequencePoint vc="1" uspid="186" ordinal="0" offset="0" sl="233" sc="29" el="233" ec="33" bec="0" bev="0" fileid="4" />
                <SequencePoint vc="1" uspid="187" ordinal="1" offset="9" sl="233" sc="18" el="233" ec="25" bec="0" bev="0" fileid="4" />
                <SequencePoint vc="1" uspid="188" ordinal="2" offset="16" sl="235" sc="13" el="235" ec="44" bec="0" bev="0" fileid="4" />
                <SequencePoint vc="1" uspid="189" ordinal="3" offset="23" sl="237" sc="13" el="237" ec="73" bec="0" bev="0" fileid="4" />
                <SequencePoint vc="1" uspid="190" ordinal="4" offset="32" sl="239" sc="13" el="239" ec="51" bec="2" bev="1" fileid="4" />
                <SequencePoint vc="1" uspid="191" ordinal="5" offset="41" sl="241" sc="17" el="241" ec="72" bec="0" bev="0" fileid="4" />
                <SequencePoint vc="1" uspid="192" ordinal="6" offset="48" sl="242" sc="17" el="242" ec="48" bec="2" bev="1" fileid="4" />
                <SequencePoint vc="0" uspid="193" ordinal="7" offset="62" sl="244" sc="21" el="244" ec="55" bec="0" bev="0" fileid="4" />
                <SequencePoint vc="1" uspid="194" ordinal="8" offset="69" sl="248" sc="13" el="248" ec="52" bec="2" bev="1" fileid="4" />
                <SequencePoint vc="0" uspid="195" ordinal="9" offset="78" sl="250" sc="24" el="250" ec="56" bec="0" bev="0" fileid="4" />
                <SequencePoint vc="0" uspid="196" ordinal="10" offset="86" sl="251" sc="24" el="251" ec="83" bec="0" bev="0" fileid="4" />
                <SequencePoint vc="0" uspid="197" ordinal="11" offset="95" sl="253" sc="21" el="253" ec="58" bec="0" bev="0" fileid="4" />
                <SequencePoint vc="0" uspid="198" ordinal="12" offset="104" sl="254" sc="17" el="254" ec="18" bec="0" bev="0" fileid="4" />
                <SequencePoint vc="2" uspid="199" ordinal="13" offset="130" sl="233" sc="26" el="233" ec="28" bec="0" bev="0" fileid="4" />
                <SequencePoint vc="1" uspid="200" ordinal="14" offset="153" sl="258" sc="9" el="258" ec="39" bec="0" bev="0" fileid="4" />
                <SequencePoint vc="1" uspid="201" ordinal="15" offset="160" sl="269" sc="9" el="269" ec="33" bec="0" bev="0" fileid="4" />
                <SequencePoint vc="1" uspid="202" ordinal="16" offset="165" sl="270" sc="9" el="270" ec="58" bec="0" bev="0" fileid="4" />
                <SequencePoint vc="1" uspid="203" ordinal="17" offset="171" sl="272" sc="29" el="272" ec="33" bec="0" bev="0" fileid="4" />
                <SequencePoint vc="1" uspid="204" ordinal="18" offset="180" sl="272" sc="18" el="272" ec="25" bec="0" bev="0" fileid="4" />
                <SequencePoint vc="1" uspid="205" ordinal="19" offset="186" sl="274" sc="13" el="274" ec="44" bec="0" bev="0" fileid="4" />
                <SequencePoint vc="1" uspid="206" ordinal="20" offset="192" sl="276" sc="13" el="276" ec="39" bec="2" bev="1" fileid="4" />
                <SequencePoint vc="1" uspid="207" ordinal="21" offset="205" sl="278" sc="17" el="278" ec="77" bec="0" bev="0" fileid="4" />
                <SequencePoint vc="1" uspid="208" ordinal="22" offset="212" sl="280" sc="17" el="280" ec="51" bec="0" bev="0" fileid="4" />
                <SequencePoint vc="2" uspid="209" ordinal="23" offset="218" sl="272" sc="26" el="272" ec="28" bec="0" bev="0" fileid="4" />
                <SequencePoint vc="1" uspid="210" ordinal="24" offset="238" sl="285" sc="9" el="285" ec="41" bec="0" bev="0" fileid="4" />
                <SequencePoint vc="1" uspid="211" ordinal="25" offset="245" sl="286" sc="5" el="286" ec="6" bec="0" bev="0" fileid="4" />
              </SequencePoints>
              <BranchPoints>
                <BranchPoint vc="1" uspid="212" ordinal="0" offset="39" sl="239" path="0" offsetend="41" fileid="4" />
                <BranchPoint vc="0" uspid="213" ordinal="1" offset="39" sl="239" path="1" offsetend="69" fileid="4" />
                <BranchPoint vc="0" uspid="214" ordinal="2" offset="60" sl="242" path="0" offsetend="62" fileid="4" />
                <BranchPoint vc="1" uspid="215" ordinal="3" offset="60" sl="242" path="1" offsetend="69" fileid="4" />
                <BranchPoint vc="0" uspid="216" ordinal="4" offset="76" sl="248" path="0" offsetend="78" fileid="4" />
                <BranchPoint vc="1" uspid="217" ordinal="5" offset="76" sl="248" path="1" offsetend="130" fileid="4" />
                <BranchPoint vc="1" uspid="220" ordinal="8" offset="203" sl="276" path="0" offsetend="205" fileid="4" />
                <BranchPoint vc="0" uspid="221" ordinal="9" offset="203" sl="276" path="1" offsetend="218" fileid="4" />
              </BranchPoints>
              <MethodPoint xsi:type="SequencePoint" vc="1" uspid="186" ordinal="0" offset="0" sl="233" sc="29" el="233" ec="33" bec="0" bev="0" fileid="4" />
            </Method>
            <Method visited="true" cyclomaticComplexity="6" nPathComplexity="8" sequenceCoverage="77.78" branchCoverage="57.14" crapScore="6.39" isConstructor="false" isStatic="true" isGetter="false" isSetter="false">
              <Summary numSequencePoints="18" visitedSequencePoints="14" numBranchPoints="7" visitedBranchPoints="4" sequenceCoverage="77.78" branchCoverage="57.14" maxCyclomaticComplexity="6" minCyclomaticComplexity="6" maxCrapScore="6.39" minCrapScore="6.39" visitedClasses="0" numClasses="0" visitedMethods="1" numMethods="1" />
              <MetadataToken>100663318</MetadataToken>
              <Name>System.Void Costura.AssemblyLoader::PreloadUnmanagedLibraries(System.String,System.String,System.Collections.Generic.List`1&lt;System.String&gt;,System.Collections.Generic.Dictionary`2&lt;System.String,System.String&gt;)</Name>
              <FileRef uid="4" />
              <SequencePoints>
                <SequencePoint vc="1" uspid="224" ordinal="0" offset="0" sl="195" sc="9" el="195" ec="40" bec="0" bev="0" fileid="4" />
                <SequencePoint vc="1" uspid="225" ordinal="1" offset="12" sl="197" sc="16" el="197" ec="53" bec="0" bev="0" fileid="4" />
                <SequencePoint vc="1" uspid="226" ordinal="2" offset="20" sl="199" sc="13" el="199" ec="35" bec="0" bev="0" fileid="4" />
                <SequencePoint vc="1" uspid="227" ordinal="3" offset="22" sl="204" sc="21" el="204" ec="61" bec="0" bev="0" fileid="4" />
                <SequencePoint vc="1" uspid="228" ordinal="4" offset="35" sl="205" sc="21" el="205" ec="44" bec="2" bev="1" fileid="4" />
                <SequencePoint vc="0" uspid="229" ordinal="5" offset="38" sl="207" sc="25" el="207" ec="92" bec="0" bev="0" fileid="4" />
                <SequencePoint vc="1" uspid="230" ordinal="6" offset="49" sl="209" sc="17" el="209" ec="18" bec="0" bev="0" fileid="4" />
                <SequencePoint vc="0" uspid="231" ordinal="7" offset="51" sl="210" sc="17" el="210" ec="48" bec="0" bev="0" fileid="4" />
                <SequencePoint vc="0" uspid="232" ordinal="8" offset="52" sl="212" sc="21" el="212" ec="38" bec="0" bev="0" fileid="4" />
                <SequencePoint vc="0" uspid="233" ordinal="9" offset="54" sl="213" sc="17" el="213" ec="18" bec="0" bev="0" fileid="4" />
                <SequencePoint vc="1" uspid="234" ordinal="10" offset="56" sl="215" sc="17" el="215" ec="64" bec="2" bev="1" fileid="4" />
                <SequencePoint vc="1" uspid="235" ordinal="11" offset="77" sl="216" sc="17" el="216" ec="72" bec="0" bev="0" fileid="4" />
                <SequencePoint vc="1" uspid="236" ordinal="12" offset="89" sl="217" sc="17" el="217" ec="82" bec="0" bev="0" fileid="4" />
                <SequencePoint vc="1" uspid="237" ordinal="13" offset="97" sl="218" sc="13" el="218" ec="14" bec="0" bev="0" fileid="4" />
                <SequencePoint vc="1" uspid="238" ordinal="14" offset="99" sl="221" sc="17" el="221" ec="31" bec="2" bev="1" fileid="4" />
                <SequencePoint vc="1" uspid="239" ordinal="15" offset="102" sl="223" sc="21" el="223" ec="42" bec="0" bev="0" fileid="4" />
                <SequencePoint vc="1" uspid="240" ordinal="16" offset="108" sl="225" sc="13" el="225" ec="14" bec="0" bev="0" fileid="4" />
                <SequencePoint vc="1" uspid="241" ordinal="17" offset="119" sl="227" sc="5" el="227" ec="6" bec="0" bev="0" fileid="4" />
              </SequencePoints>
              <BranchPoints>
                <BranchPoint vc="0" uspid="242" ordinal="0" offset="36" sl="205" path="0" offsetend="38" fileid="4" />
                <BranchPoint vc="1" uspid="243" ordinal="1" offset="36" sl="205" path="1" offsetend="49" fileid="4" />
                <BranchPoint vc="1" uspid="244" ordinal="2" offset="62" sl="215" path="0" offsetend="64" fileid="4" />
                <BranchPoint vc="0" uspid="245" ordinal="3" offset="62" sl="215" path="1" offsetend="71" fileid="4" />
                <BranchPoint vc="1" uspid="246" ordinal="4" offset="100" sl="221" path="0" offsetend="102" fileid="4" />
                <BranchPoint vc="0" uspid="247" ordinal="5" offset="100" sl="221" path="1" offsetend="108" fileid="4" />
              </BranchPoints>
              <MethodPoint xsi:type="SequencePoint" vc="1" uspid="224" ordinal="0" offset="0" sl="195" sc="9" el="195" ec="40" bec="0" bev="0" fileid="4" />
            </Method>
            <Method visited="true" cyclomaticComplexity="4" nPathComplexity="4" sequenceCoverage="90" branchCoverage="60" crapScore="4.02" isConstructor="false" isStatic="true" isGetter="false" isSetter="false">
              <Summary numSequencePoints="10" visitedSequencePoints="9" numBranchPoints="5" visitedBranchPoints="3" sequenceCoverage="90" branchCoverage="60" maxCyclomaticComplexity="4" minCyclomaticComplexity="4" maxCrapScore="4.02" minCrapScore="4.02" visitedClasses="0" numClasses="0" visitedMethods="1" numMethods="1" />
              <MetadataToken>100663319</MetadataToken>
              <Name>System.Void Costura.AssemblyLoader::Attach()</Name>
              <FileRef uid="5" />
              <SequencePoints>
                <SequencePoint vc="1" uspid="248" ordinal="0" offset="0" sl="26" sc="9" el="26" ec="58" bec="2" bev="1" fileid="5" />
                <SequencePoint vc="0" uspid="249" ordinal="1" offset="14" sl="28" sc="13" el="28" ec="20" bec="0" bev="0" fileid="5" />
                <SequencePoint vc="1" uspid="250" ordinal="2" offset="15" sl="32" sc="9" el="32" ec="56" bec="0" bev="0" fileid="5" />
                <SequencePoint vc="1" uspid="251" ordinal="3" offset="21" sl="33" sc="9" el="33" ec="70" bec="0" bev="0" fileid="5" />
                <SequencePoint vc="1" uspid="252" ordinal="4" offset="36" sl="34" sc="9" el="34" ec="58" bec="0" bev="0" fileid="5" />
                <SequencePoint vc="1" uspid="253" ordinal="5" offset="47" sl="37" sc="9" el="37" ec="84" bec="2" bev="1" fileid="5" />
                <SequencePoint vc="1" uspid="254" ordinal="6" offset="68" sl="38" sc="9" el="38" ec="97" bec="0" bev="0" fileid="5" />
                <SequencePoint vc="1" uspid="255" ordinal="7" offset="85" sl="40" sc="9" el="40" ec="53" bec="0" bev="0" fileid="5" />
                <SequencePoint vc="1" uspid="256" ordinal="8" offset="90" sl="41" sc="9" el="41" ec="58" bec="0" bev="0" fileid="5" />
                <SequencePoint vc="1" uspid="257" ordinal="9" offset="107" sl="42" sc="5" el="42" ec="6" bec="0" bev="0" fileid="5" />
              </SequencePoints>
              <BranchPoints>
                <BranchPoint vc="0" uspid="258" ordinal="0" offset="12" sl="26" path="0" offsetend="14" fileid="5" />
                <BranchPoint vc="1" uspid="259" ordinal="1" offset="12" sl="26" path="1" offsetend="15" fileid="5" />
                <BranchPoint vc="1" uspid="260" ordinal="2" offset="53" sl="37" path="0" offsetend="55" fileid="5" />
                <BranchPoint vc="0" uspid="261" ordinal="3" offset="53" sl="37" path="1" offsetend="62" fileid="5" />
              </BranchPoints>
              <MethodPoint xsi:type="SequencePoint" vc="1" uspid="248" ordinal="0" offset="0" sl="26" sc="9" el="26" ec="58" bec="2" bev="1" fileid="5" />
            </Method>
          </Methods>
        </Class>
      </Classes>
    </Module>
  </Modules>
</CoverageSession>